  MainClientPeer.cpp
c:\users\andre\onedrive\escritorio\treballs\3er curs\xarxes\-aa3-_cluedo\gamelib\playerinfo.h(19): warning C4240: nonstandard extension used: access to 'PlayerInfo::Color' now defined to be 'public', previously it was defined to be 'private'
  c:\users\andre\onedrive\escritorio\treballs\3er curs\xarxes\-aa3-_cluedo\gamelib\playerinfo.h(8): note: see declaration of 'PlayerInfo::Color'
c:\users\andre\onedrive\escritorio\treballs\3er curs\xarxes\-aa3-_cluedo\gameclientpeer\graphics.h(35): warning C4244: 'argument': conversion from 'int' to 'T', possible loss of data
          with
          [
              T=float
          ]
c:\users\andre\onedrive\escritorio\treballs\3er curs\xarxes\-aa3-_cluedo\gameclientpeer\graphics.h(42): warning C4244: 'initializing': conversion from 'T' to 'int', possible loss of data
          with
          [
              T=float
          ]
c:\users\andre\onedrive\escritorio\treballs\3er curs\xarxes\-aa3-_cluedo\gameclientpeer\graphics.h(42): warning C4244: '=': conversion from 'float' to 'int', possible loss of data
c:\users\andre\onedrive\escritorio\treballs\3er curs\xarxes\-aa3-_cluedo\gameclientpeer\graphics.h(44): warning C4244: 'initializing': conversion from 'T' to 'int', possible loss of data
          with
          [
              T=float
          ]
c:\users\andre\onedrive\escritorio\treballs\3er curs\xarxes\-aa3-_cluedo\gameclientpeer\graphics.h(44): warning C4244: '=': conversion from 'float' to 'int', possible loss of data
c:\users\andre\onedrive\escritorio\treballs\3er curs\xarxes\-aa3-_cluedo\gameclientpeer\graphics.h(46): warning C4244: 'argument': conversion from 'int' to 'T', possible loss of data
          with
          [
              T=float
          ]
c:\users\andre\onedrive\escritorio\treballs\3er curs\xarxes\-aa3-_cluedo\gamelib\utils.h(10): warning C4091: 'static ': ignored on left of 'Utils' when no variable is declared
c:\users\andre\onedrive\escritorio\treballs\3er curs\xarxes\-aa3-_cluedo\gameclientpeer\mainclientpeer.cpp(250): warning C4244: 'argument': conversion from 'size_t' to 'T', possible loss of data
          with
          [
              T=float
          ]
  GameClientPeer.vcxproj -> C:\Users\andre\OneDrive\Escritorio\Treballs\3er Curs\Xarxes\-AA3-_Cluedo\x64\Debug\GameClientPeer.exe
