  Graphics.cpp
c:\users\victorromero\documents\enti\3r\xarxes\[aa3]_cluedo\gameclient\graphics.h(34): warning C4244: 'argument': conversion from 'int' to 'T', possible loss of data
          with
          [
              T=float
          ]
c:\users\victorromero\documents\enti\3r\xarxes\[aa3]_cluedo\gameclient\graphics.h(41): warning C4244: 'initializing': conversion from 'T' to 'int', possible loss of data
          with
          [
              T=float
          ]
c:\users\victorromero\documents\enti\3r\xarxes\[aa3]_cluedo\gameclient\graphics.h(41): warning C4244: '=': conversion from 'float' to 'int', possible loss of data
c:\users\victorromero\documents\enti\3r\xarxes\[aa3]_cluedo\gameclient\graphics.h(43): warning C4244: 'initializing': conversion from 'T' to 'int', possible loss of data
          with
          [
              T=float
          ]
c:\users\victorromero\documents\enti\3r\xarxes\[aa3]_cluedo\gameclient\graphics.h(43): warning C4244: '=': conversion from 'float' to 'int', possible loss of data
c:\users\victorromero\documents\enti\3r\xarxes\[aa3]_cluedo\gameclient\graphics.h(45): warning C4244: 'argument': conversion from 'int' to 'T', possible loss of data
          with
          [
              T=float
          ]
  GameClient.vcxproj -> C:\Users\VictorRomero\Documents\ENTI\3r\Xarxes\[AA3]_Cluedo\x64\Debug\GameClient.exe
